-- Install configuration: ""
-- Up-to-date: /homecleanerbot_ws/install/homecleaner_description/share/homecleaner_description/launch
-- Up-to-date: /homecleanerbot_ws/install/homecleaner_description/share/homecleaner_description/launch/navigation.launch.py
-- Up-to-date: /homecleanerbot_ws/install/homecleaner_description/share/homecleaner_description/launch/gazebo.launch.py
-- Up-to-date: /homecleanerbot_ws/install/homecleaner_description/share/homecleaner_description/launch/slam.launch.py
-- Up-to-date: /homecleanerbot_ws/install/homecleaner_description/share/homecleaner_description/urdf
-- Up-to-date: /homecleanerbot_ws/install/homecleaner_description/share/homecleaner_description/urdf/robot.urdf.xacro
-- Up-to-date: /homecleanerbot_ws/install/homecleaner_description/share/homecleaner_description/worlds
-- Up-to-date: /homecleanerbot_ws/install/homecleaner_description/share/homecleaner_description/worlds/house.world
-- Up-to-date: /homecleanerbot_ws/install/homecleaner_description/share/homecleaner_description/rviz
-- Up-to-date: /homecleanerbot_ws/install/homecleaner_description/share/homecleaner_description/maps
-- Up-to-date: /homecleanerbot_ws/install/homecleaner_description/share/homecleaner_description/maps/my_house_map.yaml
-- Up-to-date: /homecleanerbot_ws/install/homecleaner_description/share/homecleaner_description/maps/my_house_map.pgm
-- Up-to-date: /homecleanerbot_ws/install/homecleaner_description/share/homecleaner_description/params
-- Installing: /homecleanerbot_ws/install/homecleaner_description/share/homecleaner_description/params/nav2_params.yaml
-- Up-to-date: /homecleanerbot_ws/install/homecleaner_description/share/ament_index/resource_index/package_run_dependencies/homecleaner_description
-- Up-to-date: /homecleanerbot_ws/install/homecleaner_description/share/ament_index/resource_index/parent_prefix_path/homecleaner_description
-- Up-to-date: /homecleanerbot_ws/install/homecleaner_description/share/homecleaner_description/environment/ament_prefix_path.sh
-- Up-to-date: /homecleanerbot_ws/install/homecleaner_description/share/homecleaner_description/environment/ament_prefix_path.dsv
-- Up-to-date: /homecleanerbot_ws/install/homecleaner_description/share/homecleaner_description/environment/path.sh
-- Up-to-date: /homecleanerbot_ws/install/homecleaner_description/share/homecleaner_description/environment/path.dsv
-- Up-to-date: /homecleanerbot_ws/install/homecleaner_description/share/homecleaner_description/local_setup.bash
-- Up-to-date: /homecleanerbot_ws/install/homecleaner_description/share/homecleaner_description/local_setup.sh
-- Up-to-date: /homecleanerbot_ws/install/homecleaner_description/share/homecleaner_description/local_setup.zsh
-- Up-to-date: /homecleanerbot_ws/install/homecleaner_description/share/homecleaner_description/local_setup.dsv
-- Up-to-date: /homecleanerbot_ws/install/homecleaner_description/share/homecleaner_description/package.dsv
-- Up-to-date: /homecleanerbot_ws/install/homecleaner_description/share/ament_index/resource_index/packages/homecleaner_description
-- Up-to-date: /homecleanerbot_ws/install/homecleaner_description/share/homecleaner_description/cmake/homecleaner_descriptionConfig.cmake
-- Up-to-date: /homecleanerbot_ws/install/homecleaner_description/share/homecleaner_description/cmake/homecleaner_descriptionConfig-version.cmake
-- Up-to-date: /homecleanerbot_ws/install/homecleaner_description/share/homecleaner_description/package.xml
