[0.008s] Invoking command in '/homecleanerbot_ws/build/homecleaner_description': CMAKE_PREFIX_PATH=${CMAKE_PREFIX_PATH}:/opt/ros/humble /usr/bin/cmake --build /homecleanerbot_ws/build/homecleaner_description -- -j12 -l12
[0.048s] Invoked command in '/homecleanerbot_ws/build/homecleaner_description' returned '0': CMAKE_PREFIX_PATH=${CMAKE_PREFIX_PATH}:/opt/ros/humble /usr/bin/cmake --build /homecleanerbot_ws/build/homecleaner_description -- -j12 -l12
[0.059s] Invoking command in '/homecleanerbot_ws/build/homecleaner_description': CMAKE_PREFIX_PATH=${CMAKE_PREFIX_PATH}:/opt/ros/humble /usr/bin/cmake --install /homecleanerbot_ws/build/homecleaner_description
[0.067s] -- Install configuration: ""
[0.067s] -- Up-to-date: /homecleanerbot_ws/install/homecleaner_description/share/homecleaner_description/launch
[0.067s] -- Up-to-date: /homecleanerbot_ws/install/homecleaner_description/share/homecleaner_description/launch/navigation.launch.py
[0.068s] -- Up-to-date: /homecleanerbot_ws/install/homecleaner_description/share/homecleaner_description/launch/gazebo.launch.py
[0.068s] -- Up-to-date: /homecleanerbot_ws/install/homecleaner_description/share/homecleaner_description/launch/slam.launch.py
[0.068s] -- Up-to-date: /homecleanerbot_ws/install/homecleaner_description/share/homecleaner_description/urdf
[0.068s] -- Up-to-date: /homecleanerbot_ws/install/homecleaner_description/share/homecleaner_description/urdf/robot.urdf.xacro
[0.068s] -- Up-to-date: /homecleanerbot_ws/install/homecleaner_description/share/homecleaner_description/worlds
[0.068s] -- Up-to-date: /homecleanerbot_ws/install/homecleaner_description/share/homecleaner_description/worlds/house.world
[0.068s] -- Up-to-date: /homecleanerbot_ws/install/homecleaner_description/share/homecleaner_description/rviz
[0.068s] -- Up-to-date: /homecleanerbot_ws/install/homecleaner_description/share/homecleaner_description/maps
[0.068s] -- Up-to-date: /homecleanerbot_ws/install/homecleaner_description/share/homecleaner_description/maps/my_house_map.yaml
[0.068s] -- Up-to-date: /homecleanerbot_ws/install/homecleaner_description/share/homecleaner_description/maps/my_house_map.pgm
[0.068s] -- Up-to-date: /homecleanerbot_ws/install/homecleaner_description/share/homecleaner_description/params
[0.068s] -- Installing: /homecleanerbot_ws/install/homecleaner_description/share/homecleaner_description/params/nav2_params.yaml
[0.068s] -- Up-to-date: /homecleanerbot_ws/install/homecleaner_description/share/ament_index/resource_index/package_run_dependencies/homecleaner_description
[0.068s] -- Up-to-date: /homecleanerbot_ws/install/homecleaner_description/share/ament_index/resource_index/parent_prefix_path/homecleaner_description
[0.068s] -- Up-to-date: /homecleanerbot_ws/install/homecleaner_description/share/homecleaner_description/environment/ament_prefix_path.sh
[0.068s] -- Up-to-date: /homecleanerbot_ws/install/homecleaner_description/share/homecleaner_description/environment/ament_prefix_path.dsv
[0.069s] -- Up-to-date: /homecleanerbot_ws/install/homecleaner_description/share/homecleaner_description/environment/path.sh
[0.069s] -- Up-to-date: /homecleanerbot_ws/install/homecleaner_description/share/homecleaner_description/environment/path.dsv
[0.069s] -- Up-to-date: /homecleanerbot_ws/install/homecleaner_description/share/homecleaner_description/local_setup.bash
[0.069s] -- Up-to-date: /homecleanerbot_ws/install/homecleaner_description/share/homecleaner_description/local_setup.sh
[0.069s] -- Up-to-date: /homecleanerbot_ws/install/homecleaner_description/share/homecleaner_description/local_setup.zsh
[0.069s] -- Up-to-date: /homecleanerbot_ws/install/homecleaner_description/share/homecleaner_description/local_setup.dsv
[0.069s] -- Up-to-date: /homecleanerbot_ws/install/homecleaner_description/share/homecleaner_description/package.dsv
[0.069s] -- Up-to-date: /homecleanerbot_ws/install/homecleaner_description/share/ament_index/resource_index/packages/homecleaner_description
[0.069s] -- Up-to-date: /homecleanerbot_ws/install/homecleaner_description/share/homecleaner_description/cmake/homecleaner_descriptionConfig.cmake
[0.069s] -- Up-to-date: /homecleanerbot_ws/install/homecleaner_description/share/homecleaner_description/cmake/homecleaner_descriptionConfig-version.cmake
[0.069s] -- Up-to-date: /homecleanerbot_ws/install/homecleaner_description/share/homecleaner_description/package.xml
[0.070s] Invoked command in '/homecleanerbot_ws/build/homecleaner_description' returned '0': CMAKE_PREFIX_PATH=${CMAKE_PREFIX_PATH}:/opt/ros/humble /usr/bin/cmake --install /homecleanerbot_ws/build/homecleaner_description
