[0.008s] Invoking command in '/homecleanerbot_ws/build/homecleaner_description': CMAKE_PREFIX_PATH=${CMAKE_PREFIX_PATH}:/opt/ros/humble /usr/bin/cmake /homecleanerbot_ws/src/homecleaner_description -DCMAKE_INSTALL_PREFIX=/homecleanerbot_ws/install/homecleaner_description
[0.069s] -- The C compiler identification is GNU 11.4.0
[0.109s] -- The CXX compiler identification is GNU 11.4.0
[0.115s] -- Detecting C compiler ABI info
[0.186s] -- Detecting C compiler ABI info - done
[0.195s] -- Check for working C compiler: /usr/bin/cc - skipped
[0.195s] -- Detecting C compile features
[0.195s] -- Detecting C compile features - done
[0.198s] -- Detecting CXX compiler ABI info
[0.264s] -- Detecting CXX compiler ABI info - done
[0.269s] -- Check for working CXX compiler: /usr/bin/c++ - skipped
[0.270s] -- Detecting CXX compile features
[0.270s] -- Detecting CXX compile features - done
[0.272s] -- Found ament_cmake: 1.3.12 (/opt/ros/humble/share/ament_cmake/cmake)
[0.400s] -- Found Python3: /usr/bin/python3 (found version "3.10.12") found components: Interpreter 
[0.465s] -- Found urdf: 2.6.1 (/opt/ros/humble/share/urdf/cmake)
[0.507s] -- Found xacro: 2.1.1 (/opt/ros/humble/share/xacro/cmake)
[0.551s] -- Configuring done
[0.552s] -- Generating done
[0.553s] -- Build files have been written to: /homecleanerbot_ws/build/homecleaner_description
[0.558s] Invoked command in '/homecleanerbot_ws/build/homecleaner_description' returned '0': CMAKE_PREFIX_PATH=${CMAKE_PREFIX_PATH}:/opt/ros/humble /usr/bin/cmake /homecleanerbot_ws/src/homecleaner_description -DCMAKE_INSTALL_PREFIX=/homecleanerbot_ws/install/homecleaner_description
[0.558s] Invoking command in '/homecleanerbot_ws/build/homecleaner_description': CMAKE_PREFIX_PATH=${CMAKE_PREFIX_PATH}:/opt/ros/humble /usr/bin/cmake --build /homecleanerbot_ws/build/homecleaner_description -- -j12 -l12
[0.596s] Invoked command in '/homecleanerbot_ws/build/homecleaner_description' returned '0': CMAKE_PREFIX_PATH=${CMAKE_PREFIX_PATH}:/opt/ros/humble /usr/bin/cmake --build /homecleanerbot_ws/build/homecleaner_description -- -j12 -l12
[0.611s] Invoking command in '/homecleanerbot_ws/build/homecleaner_description': CMAKE_PREFIX_PATH=${CMAKE_PREFIX_PATH}:/opt/ros/humble /usr/bin/cmake --install /homecleanerbot_ws/build/homecleaner_description
[0.626s] -- Install configuration: ""
[0.626s] -- Installing: /homecleanerbot_ws/install/homecleaner_description/share/homecleaner_description/launch
[0.627s] -- Installing: /homecleanerbot_ws/install/homecleaner_description/share/homecleaner_description/launch/navigation.launch.py
[0.627s] -- Installing: /homecleanerbot_ws/install/homecleaner_description/share/homecleaner_description/launch/gazebo.launch.py
[0.627s] -- Installing: /homecleanerbot_ws/install/homecleaner_description/share/homecleaner_description/launch/slam.launch.py
[0.627s] -- Installing: /homecleanerbot_ws/install/homecleaner_description/share/homecleaner_description/urdf
[0.628s] -- Installing: /homecleanerbot_ws/install/homecleaner_description/share/homecleaner_description/urdf/robot.urdf.xacro
[0.628s] -- Installing: /homecleanerbot_ws/install/homecleaner_description/share/homecleaner_description/worlds
[0.628s] -- Installing: /homecleanerbot_ws/install/homecleaner_description/share/homecleaner_description/worlds/house.world
[0.628s] -- Installing: /homecleanerbot_ws/install/homecleaner_description/share/homecleaner_description/rviz
[0.628s] -- Installing: /homecleanerbot_ws/install/homecleaner_description/share/homecleaner_description/maps
[0.628s] -- Installing: /homecleanerbot_ws/install/homecleaner_description/share/homecleaner_description/maps/my_house_map.yaml
[0.629s] -- Installing: /homecleanerbot_ws/install/homecleaner_description/share/homecleaner_description/maps/my_house_map.pgm
[0.629s] -- Installing: /homecleanerbot_ws/install/homecleaner_description/share/homecleaner_description/params
[0.629s] -- Installing: /homecleanerbot_ws/install/homecleaner_description/share/homecleaner_description/params/nav2_params.yaml
[0.629s] -- Installing: /homecleanerbot_ws/install/homecleaner_description/share/ament_index/resource_index/package_run_dependencies/homecleaner_description
[0.629s] -- Installing: /homecleanerbot_ws/install/homecleaner_description/share/ament_index/resource_index/parent_prefix_path/homecleaner_description
[0.629s] -- Installing: /homecleanerbot_ws/install/homecleaner_description/share/homecleaner_description/environment/ament_prefix_path.sh
[0.629s] -- Installing: /homecleanerbot_ws/install/homecleaner_description/share/homecleaner_description/environment/ament_prefix_path.dsv
[0.630s] -- Installing: /homecleanerbot_ws/install/homecleaner_description/share/homecleaner_description/environment/path.sh
[0.630s] -- Installing: /homecleanerbot_ws/install/homecleaner_description/share/homecleaner_description/environment/path.dsv
[0.630s] -- Installing: /homecleanerbot_ws/install/homecleaner_description/share/homecleaner_description/local_setup.bash
[0.630s] -- Installing: /homecleanerbot_ws/install/homecleaner_description/share/homecleaner_description/local_setup.sh
[0.630s] -- Installing: /homecleanerbot_ws/install/homecleaner_description/share/homecleaner_description/local_setup.zsh
[0.630s] -- Installing: /homecleanerbot_ws/install/homecleaner_description/share/homecleaner_description/local_setup.dsv
[0.630s] -- Installing: /homecleanerbot_ws/install/homecleaner_description/share/homecleaner_description/package.dsv
[0.630s] -- Installing: /homecleanerbot_ws/install/homecleaner_description/share/ament_index/resource_index/packages/homecleaner_description
[0.631s] -- Installing: /homecleanerbot_ws/install/homecleaner_description/share/homecleaner_description/cmake/homecleaner_descriptionConfig.cmake
[0.631s] -- Installing: /homecleanerbot_ws/install/homecleaner_description/share/homecleaner_description/cmake/homecleaner_descriptionConfig-version.cmake
[0.632s] -- Installing: /homecleanerbot_ws/install/homecleaner_description/share/homecleaner_description/package.xml
[0.635s] Invoked command in '/homecleanerbot_ws/build/homecleaner_description' returned '0': CMAKE_PREFIX_PATH=${CMAKE_PREFIX_PATH}:/opt/ros/humble /usr/bin/cmake --install /homecleanerbot_ws/build/homecleaner_description
